[debug] [2020-12-22T08:10:27.436Z] ----------------------------------------------------------------------
[debug] [2020-12-22T08:10:27.439Z] Command:       C:\Program Files\nodejs\node.exe C:\Program Files\nodejs\node_modules\firebase-tools\lib\bin\firebase.js deploy
[debug] [2020-12-22T08:10:27.439Z] CLI Version:   8.17.0
[debug] [2020-12-22T08:10:27.439Z] Platform:      win32
[debug] [2020-12-22T08:10:27.439Z] Node Version:  v14.12.0
[debug] [2020-12-22T08:10:27.440Z] Time:          Tue Dec 22 2020 13:40:27 GMT+0530 (India Standard Time)
[debug] [2020-12-22T08:10:27.441Z] ----------------------------------------------------------------------
[debug] [2020-12-22T08:10:27.441Z] 
[debug] [2020-12-22T08:10:27.452Z] >>> [apiv2][query] GET https://firebase-public.firebaseio.com/cli.json [none]
[debug] [2020-12-22T08:10:27.511Z] > command requires scopes: ["email","openid","https://www.googleapis.com/auth/cloudplatformprojects.readonly","https://www.googleapis.com/auth/firebase","https://www.googleapis.com/auth/cloud-platform"]
[debug] [2020-12-22T08:10:27.513Z] > authorizing via signed-in user
[debug] [2020-12-22T08:10:27.514Z] [iam] checking project admin-hospital for permissions ["firebase.projects.get","firebasehosting.sites.update"]
[debug] [2020-12-22T08:10:27.523Z] > refreshing access token with scopes: ["email","https://www.googleapis.com/auth/cloud-platform","https://www.googleapis.com/auth/cloudplatformprojects.readonly","https://www.googleapis.com/auth/firebase","openid"]
[debug] [2020-12-22T08:10:27.524Z] >>> HTTP REQUEST POST https://www.googleapis.com/oauth2/v3/token  
 <request body omitted>
[debug] [2020-12-22T08:10:28.030Z] <<< HTTP RESPONSE 200 {"expires":"Mon, 01 Jan 1990 00:00:00 GMT","cache-control":"no-cache, no-store, max-age=0, must-revalidate","pragma":"no-cache","date":"Tue, 22 Dec 2020 08:10:27 GMT","content-type":"application/json; charset=utf-8","vary":"X-Origin, Referer, Origin,Accept-Encoding","server":"scaffolding on HTTPServer2","x-xss-protection":"0","x-frame-options":"SAMEORIGIN","x-content-type-options":"nosniff","alt-svc":"h3-29=\":443\"; ma=2592000,h3-T051=\":443\"; ma=2592000,h3-Q050=\":443\"; ma=2592000,h3-Q046=\":443\"; ma=2592000,h3-Q043=\":443\"; ma=2592000,quic=\":443\"; ma=2592000; v=\"46,43\"","accept-ranges":"none","transfer-encoding":"chunked"}
[debug] [2020-12-22T08:10:28.050Z] >>> HTTP REQUEST POST https://cloudresourcemanager.googleapis.com/v1/projects/admin-hospital:testIamPermissions  
 {"permissions":["firebase.projects.get","firebasehosting.sites.update"]}
[debug] [2020-12-22T08:10:29.397Z] <<< [apiv2][status] GET https://firebase-public.firebaseio.com/cli.json 200
[debug] [2020-12-22T08:10:29.397Z] <<< [apiv2][body] GET https://firebase-public.firebaseio.com/cli.json {"cloudBuildErrorAfter":1594252800000,"cloudBuildWarnAfter":1590019200000,"defaultNode10After":1594252800000,"minVersion":"3.0.5","node8DeploysDisabledAfter":1613390400000,"node8RuntimeDisabledAfter":1615809600000,"node8WarnAfter":1600128000000}
